<?xml version="1.0" encoding="UTF-8"?>
<!-- Generated by org.testng.reporters.JUnitReportReporter -->
<testsuite hostname="macs-MacBook-Pro.local" failures="0" tests="3" name="UIAutomation.Selenium.AppTest" time="0.003" errors="0" timestamp="2022-03-21T20:03:33 PKT" skipped="0">
  <testcase classname="UIAutomation.Selenium.AppTest" name="Test1" time="0.001"/>
  <system-out/>
  <testcase classname="UIAutomation.Selenium.AppTest" name="Test2" time="0.001"/>
  <system-out/>
  <testcase classname="UIAutomation.Selenium.AppTest" name="Test2" time="0.001"/>
  <system-out/>
</testsuite> <!-- UIAutomation.Selenium.AppTest -->
