<?xml version="1.0" encoding="UTF-8"?>
<!-- Generated by org.testng.reporters.JUnitReportReporter -->
<testsuite hostname="macs-MacBook-Pro.local" failures="0" tests="2" name="UIAutomation.Selenium.AppTest2" time="0.012" errors="0" timestamp="2022-03-21T20:03:33 PKT" skipped="0">
  <testcase classname="UIAutomation.Selenium.AppTest2" name="Test3" time="0.010"/>
  <system-out/>
  <testcase classname="UIAutomation.Selenium.AppTest2" name="Test4" time="0.002"/>
  <system-out/>
</testsuite> <!-- UIAutomation.Selenium.AppTest2 -->
